<?xml version="1.0" encoding="UTF-8"?>
<!-- Generated by org.testng.reporters.JUnitXMLReporter -->
<testsuite ignored="0" hostname="LAPTOP-KFM2KDI1" failures="0" tests="3" name="Default test" time="27.574" errors="0" timestamp="2022-10-24T23:04:20 IST">
  <testcase classname="testcases.TableTest" name="verify_firstName" time="1.474"/>
  <testcase classname="testcases.TableTest" name="verify_person_office" time="1.005"/>
  <testcase classname="testcases.TableTest" name="verify_persons_office" time="1.112"/>
</testsuite> <!-- Default test -->
