<?xml version="1.0" encoding="UTF-8"?>
<testng-results ignored="0" total="3" passed="3" failed="0" skipped="0">
  <reporter-output>
  </reporter-output>
  <suite started-at="2022-10-24T23:03:52 IST" name="Default suite" finished-at="2022-10-24T23:04:20 IST" duration-ms="27574">
    <groups>
    </groups>
    <test started-at="2022-10-24T23:03:52 IST" name="Default test" finished-at="2022-10-24T23:04:20 IST" duration-ms="27574">
      <class name="testcases.TableTest">
        <test-method is-config="true" signature="intialiseBrowser()[pri:0, instance:testcases.TableTest@d9345cd]" started-at="2022-10-24T23:03:52 IST" name="intialiseBrowser" finished-at="2022-10-24T23:04:05 IST" duration-ms="13185" status="PASS">
          <reporter-output>
          </reporter-output>
        </test-method> <!-- intialiseBrowser -->
        <test-method signature="verify_firstName()[pri:0, instance:testcases.TableTest@d9345cd]" started-at="2022-10-24T23:04:05 IST" name="verify_firstName" finished-at="2022-10-24T23:04:07 IST" duration-ms="1474" status="PASS">
          <reporter-output>
          </reporter-output>
        </test-method> <!-- verify_firstName -->
        <test-method is-config="true" signature="closingBrowser()[pri:0, instance:testcases.TableTest@d9345cd]" started-at="2022-10-24T23:04:07 IST" name="closingBrowser" finished-at="2022-10-24T23:04:07 IST" duration-ms="3" status="PASS">
          <reporter-output>
          </reporter-output>
        </test-method> <!-- closingBrowser -->
        <test-method is-config="true" signature="intialiseBrowser()[pri:0, instance:testcases.TableTest@d9345cd]" started-at="2022-10-24T23:04:07 IST" name="intialiseBrowser" finished-at="2022-10-24T23:04:12 IST" duration-ms="5135" status="PASS">
          <reporter-output>
          </reporter-output>
        </test-method> <!-- intialiseBrowser -->
        <test-method signature="verify_person_office()[pri:0, instance:testcases.TableTest@d9345cd]" started-at="2022-10-24T23:04:12 IST" name="verify_person_office" finished-at="2022-10-24T23:04:13 IST" duration-ms="1005" status="PASS">
          <reporter-output>
          </reporter-output>
        </test-method> <!-- verify_person_office -->
        <test-method is-config="true" signature="closingBrowser()[pri:0, instance:testcases.TableTest@d9345cd]" started-at="2022-10-24T23:04:13 IST" name="closingBrowser" finished-at="2022-10-24T23:04:13 IST" duration-ms="0" status="PASS">
          <reporter-output>
          </reporter-output>
        </test-method> <!-- closingBrowser -->
        <test-method is-config="true" signature="intialiseBrowser()[pri:0, instance:testcases.TableTest@d9345cd]" started-at="2022-10-24T23:04:13 IST" name="intialiseBrowser" finished-at="2022-10-24T23:04:19 IST" duration-ms="5559" status="PASS">
          <reporter-output>
          </reporter-output>
        </test-method> <!-- intialiseBrowser -->
        <test-method signature="verify_persons_office()[pri:0, instance:testcases.TableTest@d9345cd]" started-at="2022-10-24T23:04:19 IST" name="verify_persons_office" finished-at="2022-10-24T23:04:20 IST" duration-ms="1112" status="PASS">
          <reporter-output>
          </reporter-output>
        </test-method> <!-- verify_persons_office -->
        <test-method is-config="true" signature="closingBrowser()[pri:0, instance:testcases.TableTest@d9345cd]" started-at="2022-10-24T23:04:20 IST" name="closingBrowser" finished-at="2022-10-24T23:04:20 IST" duration-ms="1" status="PASS">
          <reporter-output>
          </reporter-output>
        </test-method> <!-- closingBrowser -->
      </class> <!-- testcases.TableTest -->
    </test> <!-- Default test -->
  </suite> <!-- Default suite -->
</testng-results>
